<?xml version="1.0" encoding="UTF-8"?>
<!-- Generated by org.testng.reporters.JUnitReportReporter -->
<testsuite hostname="LAPTOP-BDELJV31" failures="0" tests="12" name="factory.TestSquare" time="0.012" errors="0" timestamp="2022-09-07T20:43:03 IDT" skipped="0">
  <testcase classname="factory.TestSquare" name="testArea" time="0.001"/>
  <system-out/>
  <testcase classname="factory.TestSquare" name="testArea" time="0.007"/>
  <system-out/>
  <testcase classname="factory.TestSquare" name="testArea" time="0.001"/>
  <system-out/>
  <testcase classname="factory.TestSquare" name="testArea" time="0.000"/>
  <system-out/>
  <testcase classname="factory.TestSquare" name="testArea" time="0.001"/>
  <system-out/>
  <testcase classname="factory.TestSquare" name="testArea" time="0.001"/>
  <system-out/>
  <testcase classname="factory.TestSquare" name="testArea" time="0.001"/>
  <system-out/>
  <testcase classname="factory.TestSquare" name="testArea" time="0.000"/>
  <system-out/>
  <testcase classname="factory.TestSquare" name="testArea" time="0.000"/>
  <system-out/>
  <testcase classname="factory.TestSquare" name="testArea" time="0.000"/>
  <system-out/>
  <testcase classname="factory.TestSquare" name="testArea" time="0.000"/>
  <system-out/>
  <testcase classname="factory.TestSquare" name="testArea" time="0.000"/>
  <system-out/>
</testsuite> <!-- factory.TestSquare -->
