<?xml version="1.0" encoding="UTF-8"?>
<!-- Generated by org.testng.reporters.JUnitReportReporter -->
<testsuite hostname="LAPTOP-BDELJV31" failures="0" tests="12" name="factory.TestParallelogram" time="0.010" errors="0" timestamp="2022-09-07T20:42:41 IDT" skipped="0">
  <testcase classname="factory.TestParallelogram" name="testArea" time="0.001"/>
  <system-out/>
  <testcase classname="factory.TestParallelogram" name="testArea" time="0.006"/>
  <system-out/>
  <testcase classname="factory.TestParallelogram" name="testArea" time="0.000"/>
  <system-out/>
  <testcase classname="factory.TestParallelogram" name="testArea" time="0.000"/>
  <system-out/>
  <testcase classname="factory.TestParallelogram" name="testArea" time="0.001"/>
  <system-out/>
  <testcase classname="factory.TestParallelogram" name="testArea" time="0.000"/>
  <system-out/>
  <testcase classname="factory.TestParallelogram" name="testArea" time="0.000"/>
  <system-out/>
  <testcase classname="factory.TestParallelogram" name="testArea" time="0.000"/>
  <system-out/>
  <testcase classname="factory.TestParallelogram" name="testArea" time="0.000"/>
  <system-out/>
  <testcase classname="factory.TestParallelogram" name="testArea" time="0.000"/>
  <system-out/>
  <testcase classname="factory.TestParallelogram" name="testArea" time="0.001"/>
  <system-out/>
  <testcase classname="factory.TestParallelogram" name="testArea" time="0.001"/>
  <system-out/>
</testsuite> <!-- factory.TestParallelogram -->
