<?xml version="1.0" encoding="UTF-8"?>
<!-- Generated by org.testng.reporters.JUnitReportReporter -->
<testsuite hostname="LAPTOP-BDELJV31" failures="0" tests="12" name="factory.TestSector" time="0.010" errors="0" timestamp="2022-09-07T20:42:55 IDT" skipped="0">
  <testcase classname="factory.TestSector" name="testArea" time="0.000"/>
  <system-out/>
  <testcase classname="factory.TestSector" name="testArea" time="0.007"/>
  <system-out/>
  <testcase classname="factory.TestSector" name="testArea" time="0.001"/>
  <system-out/>
  <testcase classname="factory.TestSector" name="testArea" time="0.000"/>
  <system-out/>
  <testcase classname="factory.TestSector" name="testArea" time="0.001"/>
  <system-out/>
  <testcase classname="factory.TestSector" name="testArea" time="0.001"/>
  <system-out/>
  <testcase classname="factory.TestSector" name="testArea" time="0.000"/>
  <system-out/>
  <testcase classname="factory.TestSector" name="testArea" time="0.000"/>
  <system-out/>
  <testcase classname="factory.TestSector" name="testArea" time="0.000"/>
  <system-out/>
  <testcase classname="factory.TestSector" name="testArea" time="0.000"/>
  <system-out/>
  <testcase classname="factory.TestSector" name="testArea" time="0.000"/>
  <system-out/>
  <testcase classname="factory.TestSector" name="testArea" time="0.000"/>
  <system-out/>
</testsuite> <!-- factory.TestSector -->
