<?xml version="1.0" encoding="UTF-8"?>
<!-- Generated by org.testng.reporters.JUnitReportReporter -->
<testsuite hostname="LAPTOP-BDELJV31" failures="0" tests="12" name="factory.TestCircle" time="0.014" errors="0" timestamp="2022-09-09T20:15:14 IDT" skipped="0">
  <testcase classname="factory.TestCircle" name="testArea" time="0.001"/>
  <system-out/>
  <testcase classname="factory.TestCircle" name="testArea" time="0.001"/>
  <system-out/>
  <testcase classname="factory.TestCircle" name="testArea" time="0.001"/>
  <system-out/>
  <testcase classname="factory.TestCircle" name="testArea" time="0.000"/>
  <system-out/>
  <testcase classname="factory.TestCircle" name="testArea" time="0.000"/>
  <system-out/>
  <testcase classname="factory.TestCircle" name="testArea" time="0.000"/>
  <system-out/>
  <testcase classname="factory.TestCircle" name="testArea" time="0.001"/>
  <system-out/>
  <testcase classname="factory.TestCircle" name="testArea" time="0.001"/>
  <system-out/>
  <testcase classname="factory.TestCircle" name="testArea" time="0.001"/>
  <system-out/>
  <testcase classname="factory.TestCircle" name="testArea" time="0.006"/>
  <system-out/>
  <testcase classname="factory.TestCircle" name="testArea" time="0.001"/>
  <system-out/>
  <testcase classname="factory.TestCircle" name="testArea" time="0.001"/>
  <system-out/>
</testsuite> <!-- factory.TestCircle -->
