<?xml version="1.0" encoding="UTF-8"?>
<!-- Generated by org.testng.reporters.JUnitReportReporter -->
<testsuite hostname="LAPTOP-BDELJV31" failures="0" tests="12" name="factory.TestTrapezoid" time="0.013" errors="0" timestamp="2022-09-07T20:46:12 IDT" skipped="0">
  <testcase classname="factory.TestTrapezoid" name="testArea" time="0.000"/>
  <system-out/>
  <testcase classname="factory.TestTrapezoid" name="testArea" time="0.000"/>
  <system-out/>
  <testcase classname="factory.TestTrapezoid" name="testArea" time="0.001"/>
  <system-out/>
  <testcase classname="factory.TestTrapezoid" name="testArea" time="0.006"/>
  <system-out/>
  <testcase classname="factory.TestTrapezoid" name="testArea" time="0.001"/>
  <system-out/>
  <testcase classname="factory.TestTrapezoid" name="testArea" time="0.001"/>
  <system-out/>
  <testcase classname="factory.TestTrapezoid" name="testArea" time="0.000"/>
  <system-out/>
  <testcase classname="factory.TestTrapezoid" name="testArea" time="0.001"/>
  <system-out/>
  <testcase classname="factory.TestTrapezoid" name="testArea" time="0.001"/>
  <system-out/>
  <testcase classname="factory.TestTrapezoid" name="testArea" time="0.000"/>
  <system-out/>
  <testcase classname="factory.TestTrapezoid" name="testArea" time="0.001"/>
  <system-out/>
  <testcase classname="factory.TestTrapezoid" name="testArea" time="0.001"/>
  <system-out/>
</testsuite> <!-- factory.TestTrapezoid -->
