<?xml version="1.0" encoding="UTF-8"?>
<!-- Generated by org.testng.reporters.JUnitXMLReporter -->
<testsuite ignored="1" hostname="LAPTOP-5JT6080C" failures="0" tests="1" name="test-case-2" time="3.321" errors="0" timestamp="2022-09-10T15:32:35 IDT">
  <testcase classname="browsers.BrowserTest" name="testSearchEngine" time="3.292"/>
  <testcase classname="browsers.BrowserTest" name="testBrowserActions" time="0.0">
    <ignored/>
  </testcase> <!-- testBrowserActions -->
</testsuite> <!-- test-case-2 -->
