<?xml version="1.0" encoding="UTF-8"?>
<!-- Generated by org.testng.reporters.JUnitReportReporter -->
<testsuite hostname="LAPTOP-BDELJV31" failures="0" tests="4" name="testng.TestGetRequests" time="3.245" errors="0" timestamp="2022-08-31T20:05:09 IDT" skipped="0">
  <testcase classname="testng.TestGetRequests" name="getRequests" time="0.505"/>
  <system-out/>
  <testcase classname="testng.TestGetRequests" name="getRequests" time="0.316"/>
  <system-out/>
  <testcase classname="testng.TestGetRequests" name="getRequests" time="0.631"/>
  <system-out/>
  <testcase classname="testng.TestGetRequests" name="getRequests" time="1.793"/>
  <system-out/>
</testsuite> <!-- testng.TestGetRequests -->
