<?xml version="1.0" encoding="UTF-8"?>
<!-- Generated by org.testng.reporters.JUnitReportReporter -->
<testsuite hostname="LAPTOP-BDELJV31" failures="0" tests="3" name="testng.TestCalculator" time="0.011" errors="0" timestamp="2022-08-27T11:57:10 IDT" skipped="0">
  <testcase classname="testng.TestCalculator" name="testCalculateSum" time="0.001"/>
  <system-out/>
  <testcase classname="testng.TestCalculator" name="testCalculateSum" time="0.001"/>
  <system-out/>
  <testcase classname="testng.TestCalculator" name="testCalculateSum" time="0.009"/>
  <system-out/>
</testsuite> <!-- testng.TestCalculator -->
